<?xml version="1.0" encoding="UTF-8"?>
<!-- Generated by org.testng.reporters.JUnitReportReporter -->
<testsuite hostname="DESKTOP-L8VPHJS" failures="0" tests="1" name="testScripts.LoginTest" time="6.248" errors="0" timestamp="2024-12-10T10:29:16 IST" skipped="0">
  <testcase classname="testScripts.LoginTest" name="validLogin" time="6.248"/>
  <system-out/>
</testsuite> <!-- testScripts.LoginTest -->
